<?xml version="1.0" encoding="UTF-8"?>
<!-- Generated by org.testng.reporters.JUnitXMLReporter -->
<testsuite ignored="0" hostname="BMT-LAP-46" failures="4" tests="4" name="Test" time="125.275" errors="0" timestamp="28 Feb 2022 12:46:57 GMT">
  <testcase classname="in.co.scripts.MavenIRCTC.TestRegister" name="IRCTCLandingPage" time="61.088">
    <failure type="org.openqa.selenium.ElementClickInterceptedException" message="element click intercepted: Element &amp;lt;button _ngcontent-jbg-c48=&amp;quot;&amp;quot; type=&amp;quot;submit&amp;quot; class=&amp;quot;btn btn-primary&amp;quot; aria-label=&amp;quot;Confirmation. Hon&amp;apos;ble Prime Minister message on &amp;amp;quot;Public Health Response to COVID-19: Campaign for COVID-Appropriate Behaviour&amp;amp;quot;. &amp;lt;a class=&amp;amp;quot;txt-msg-info&amp;amp;quot; target=&amp;amp;quot;_blank&amp;amp;quot; href=&amp;amp;quot;http://contents.irctc.co.in/en/Covid19PMMessage.pdf&amp;amp;quot;&amp;gt;Wear Mask, Follow Physical Distancing, Maintain Hand Hygine.&amp;lt;/a&amp;gt;&amp;lt;br/&amp;gt;&amp;lt;br/&amp;gt;Get your favourite food at your train seat through &amp;lt;a class=&amp;amp;quot;txt-msg-info&amp;amp;quot; target=&amp;amp;quot;_blank&amp;amp;quot; href=&amp;amp;quot;https://www.ecatering.irctc.co.in/&amp;amp;quot;&amp;gt;e-Catering&amp;lt;/a&amp;gt; available at selected stations.&amp;lt;br/&amp;gt;&amp;lt;br/&amp;gt;COVID 19 Alert:&amp;lt;br/&amp;gt;&amp;lt;br/&amp;gt;&amp;lt;i class=&amp;amp;quot;fa fa-circle&amp;amp;quot; &amp;gt;&amp;lt;/i&amp;gt;&amp;lt;a class=&amp;amp;quot;txt-msg-info&amp;amp;quot;target=&amp;amp;quot;_blank&amp;amp;quot;href=&amp;amp;quot;http://contents.irctc.co.in/en/CovidVaccinationInfoEng.pdf&amp;amp;quot;&amp;gt; Information on Covid 19 Vaccination Programme&amp;lt;/a&amp;gt;&amp;lt;br/&amp;gt;&amp;lt;br/&amp;gt;&amp;lt;i class=&amp;amp;quot;fa fa-circle&amp;amp;quot; &amp;gt;&amp;lt;/i&amp;gt; All passengers are hereby informed that downloading of Aarogya Setu App on their mobile phone, that they are carrying along, is advisable.&amp;lt;br/&amp;gt;&amp;lt;br/&amp;gt; &amp;lt;i class=&amp;amp;quot;fa fa-circle&amp;amp;quot; &amp;gt;&amp;lt;/i&amp;gt; All Passenger to kindly note that on arrival at their destination, the traveling passengers will have to adhere to such health protocols as are prescribed by the destination State/UT. &amp;lt;a class=&amp;amp;quot;txt-msg-info&amp;amp;quot; target=&amp;amp;quot;_blank&amp;amp;quot; href=&amp;amp;quot;http://contents.irctc.co.in/en/stateWiseAdvisory.html&amp;amp;quot;&amp;gt;Click Here to see state wise advisory on Arrival(As available). &amp;lt;/a&amp;gt;For other states, State Govt websites may be visited to ascertain the same.&amp;lt;br/&amp;gt;&amp;lt;br/&amp;gt;&amp;lt;i class=&amp;amp;quot;fa fa-circle&amp;amp;quot; &amp;gt;&amp;lt;/i&amp;gt; Though various State Governments&amp;apos; Advisories have been provided on IRCTC Website, Still Users are advised to surf Destination State Government URL/ Website for latest instructions on Covid-19 pandemic and Covid appropriate behaviour.&amp;lt;br/&amp;gt;&amp;lt;br/&amp;gt;&amp;lt;i class=&amp;amp;quot;fa fa-circle&amp;amp;quot; &amp;gt;&amp;lt;/i&amp;gt; No blanket and linen shall be provided in the train. Although Take Away Bedroll Kit is available in some trains on payment basis.&amp;lt;a class=&amp;amp;quot;txt-msg-info&amp;amp;quot; target=&amp;amp;quot;_blank&amp;amp;quot; href=&amp;amp;quot;http://contents.irctc.co.in/en/Trains_Bedroll_Kit_Available.pdf&amp;amp;quot;&amp;gt; Click here to see the train list.&amp;lt;/a&amp;gt;. Press ... to confirm&amp;quot;&amp;gt;OK&amp;lt;/button&amp;gt; is not clickable at point (680, 521). Other element would receive the click: &amp;lt;div class=&amp;quot;ng-tns-c45-2 ui-dialog-mask ui-widget-overlay ui-dialog-visible ui-dialog-mask-scrollblocker ng-star-inserted&amp;quot; style=&amp;quot;z-index: 1000;&amp;quot;&amp;gt;...&amp;lt;/div&amp;gt;
  (Session info: chrome=98.0.4758.102)
Build info: version: &amp;apos;3.141.59&amp;apos;, revision: &amp;apos;e82be7d358&amp;apos;, time: &amp;apos;2018-11-14T08:17:03&amp;apos;
System info: host: &amp;apos;BMT-LAP-46&amp;apos;, ip: &amp;apos;192.168.43.218&amp;apos;, os.name: &amp;apos;Windows 10&amp;apos;, os.arch: &amp;apos;amd64&amp;apos;, os.version: &amp;apos;10.0&amp;apos;, java.version: &amp;apos;15.0.2&amp;apos;
Driver info: org.openqa.selenium.chrome.ChromeDriver
Capabilities {acceptInsecureCerts: false, browserName: chrome, browserVersion: 98.0.4758.102, chrome: {chromedriverVersion: 97.0.4692.71 (adefa7837d02a..., userDataDir: C:\Users\RAHULG~1\AppData\L...}, goog:chromeOptions: {debuggerAddress: localhost:56664}, javascriptEnabled: true, networkConnectionEnabled: false, pageLoadStrategy: normal, platform: WINDOWS, platformName: WINDOWS, proxy: Proxy(), setWindowRect: true, strictFileInteractability: false, timeouts: {implicit: 0, pageLoad: 300000, script: 30000}, unhandledPromptBehavior: dismiss and notify, webauthn:extension:credBlob: true, webauthn:extension:largeBlob: true, webauthn:virtualAuthenticators: true}
Session ID: 29132f5dc61fbf3e3749dab07a89b590">
      <![CDATA[org.openqa.selenium.ElementClickInterceptedException: element click intercepted: Element <button _ngcontent-jbg-c48="" type="submit" class="btn btn-primary" aria-label="Confirmation. Hon'ble Prime Minister message on &quot;Public Health Response to COVID-19: Campaign for COVID-Appropriate Behaviour&quot;. <a class=&quot;txt-msg-info&quot; target=&quot;_blank&quot; href=&quot;http://contents.irctc.co.in/en/Covid19PMMessage.pdf&quot;>Wear Mask, Follow Physical Distancing, Maintain Hand Hygine.</a><br/><br/>Get your favourite food at your train seat through <a class=&quot;txt-msg-info&quot; target=&quot;_blank&quot; href=&quot;https://www.ecatering.irctc.co.in/&quot;>e-Catering</a> available at selected stations.<br/><br/>COVID 19 Alert:<br/><br/><i class=&quot;fa fa-circle&quot; ></i><a class=&quot;txt-msg-info&quot;target=&quot;_blank&quot;href=&quot;http://contents.irctc.co.in/en/CovidVaccinationInfoEng.pdf&quot;> Information on Covid 19 Vaccination Programme</a><br/><br/><i class=&quot;fa fa-circle&quot; ></i> All passengers are hereby informed that downloading of Aarogya Setu App on their mobile phone, that they are carrying along, is advisable.<br/><br/> <i class=&quot;fa fa-circle&quot; ></i> All Passenger to kindly note that on arrival at their destination, the traveling passengers will have to adhere to such health protocols as are prescribed by the destination State/UT. <a class=&quot;txt-msg-info&quot; target=&quot;_blank&quot; href=&quot;http://contents.irctc.co.in/en/stateWiseAdvisory.html&quot;>Click Here to see state wise advisory on Arrival(As available). </a>For other states, State Govt websites may be visited to ascertain the same.<br/><br/><i class=&quot;fa fa-circle&quot; ></i> Though various State Governments' Advisories have been provided on IRCTC Website, Still Users are advised to surf Destination State Government URL/ Website for latest instructions on Covid-19 pandemic and Covid appropriate behaviour.<br/><br/><i class=&quot;fa fa-circle&quot; ></i> No blanket and linen shall be provided in the train. Although Take Away Bedroll Kit is available in some trains on payment basis.<a class=&quot;txt-msg-info&quot; target=&quot;_blank&quot; href=&quot;http://contents.irctc.co.in/en/Trains_Bedroll_Kit_Available.pdf&quot;> Click here to see the train list.</a>. Press ... to confirm">OK</button> is not clickable at point (680, 521). Other element would receive the click: <div class="ng-tns-c45-2 ui-dialog-mask ui-widget-overlay ui-dialog-visible ui-dialog-mask-scrollblocker ng-star-inserted" style="z-index: 1000;">...</div>
  (Session info: chrome=98.0.4758.102)
Build info: version: '3.141.59', revision: 'e82be7d358', time: '2018-11-14T08:17:03'
System info: host: 'BMT-LAP-46', ip: '192.168.43.218', os.name: 'Windows 10', os.arch: 'amd64', os.version: '10.0', java.version: '15.0.2'
Driver info: org.openqa.selenium.chrome.ChromeDriver
Capabilities {acceptInsecureCerts: false, browserName: chrome, browserVersion: 98.0.4758.102, chrome: {chromedriverVersion: 97.0.4692.71 (adefa7837d02a..., userDataDir: C:\Users\RAHULG~1\AppData\L...}, goog:chromeOptions: {debuggerAddress: localhost:56664}, javascriptEnabled: true, networkConnectionEnabled: false, pageLoadStrategy: normal, platform: WINDOWS, platformName: WINDOWS, proxy: Proxy(), setWindowRect: true, strictFileInteractability: false, timeouts: {implicit: 0, pageLoad: 300000, script: 30000}, unhandledPromptBehavior: dismiss and notify, webauthn:extension:credBlob: true, webauthn:extension:largeBlob: true, webauthn:virtualAuthenticators: true}
Session ID: 29132f5dc61fbf3e3749dab07a89b590
at org.openqa.selenium.remote.http.W3CHttpResponseCodec.createException(W3CHttpResponseCodec.java:187)
at org.openqa.selenium.remote.http.W3CHttpResponseCodec.decode(W3CHttpResponseCodec.java:122)
at org.openqa.selenium.remote.http.W3CHttpResponseCodec.decode(W3CHttpResponseCodec.java:49)
at org.openqa.selenium.remote.HttpCommandExecutor.execute(HttpCommandExecutor.java:158)
at org.openqa.selenium.remote.service.DriverCommandExecutor.execute(DriverCommandExecutor.java:83)
at org.openqa.selenium.remote.RemoteWebDriver.execute(RemoteWebDriver.java:552)
at org.openqa.selenium.remote.RemoteWebElement.execute(RemoteWebElement.java:285)
at org.openqa.selenium.remote.RemoteWebElement.click(RemoteWebElement.java:84)
at org.openqa.selenium.support.pagefactory.internal.LocatingElementHandler.invoke(LocatingElementHandler.java:51)
at com.sun.proxy.$Proxy11.click(Unknown Source)
at in.co.pages.MavenIRCTC.IRCTCLandingpage.AlertOkbutton(IRCTCLandingpage.java:26)
at in.co.scripts.MavenIRCTC.TestRegister.IRCTCLandingPage(TestRegister.java:20)
... Removed 34 stack frames]]>
    </failure>
  </testcase> <!-- IRCTCLandingPage -->
  <testcase classname="in.co.scripts.MavenIRCTC.TestRegister" name="IRCTCRegisterBasicdetails" time="21.589">
    <failure type="org.openqa.selenium.NoSuchElementException" message="no such element: Unable to locate element: {&amp;quot;method&amp;quot;:&amp;quot;css selector&amp;quot;,&amp;quot;selector&amp;quot;:&amp;quot;#userName&amp;quot;}
  (Session info: chrome=98.0.4758.102)
For documentation on this error, please visit: https://www.seleniumhq.org/exceptions/no_such_element.html
Build info: version: &amp;apos;3.141.59&amp;apos;, revision: &amp;apos;e82be7d358&amp;apos;, time: &amp;apos;2018-11-14T08:17:03&amp;apos;
System info: host: &amp;apos;BMT-LAP-46&amp;apos;, ip: &amp;apos;192.168.43.218&amp;apos;, os.name: &amp;apos;Windows 10&amp;apos;, os.arch: &amp;apos;amd64&amp;apos;, os.version: &amp;apos;10.0&amp;apos;, java.version: &amp;apos;15.0.2&amp;apos;
Driver info: org.openqa.selenium.chrome.ChromeDriver
Capabilities {acceptInsecureCerts: false, browserName: chrome, browserVersion: 98.0.4758.102, chrome: {chromedriverVersion: 97.0.4692.71 (adefa7837d02a..., userDataDir: C:\Users\RAHULG~1\AppData\L...}, goog:chromeOptions: {debuggerAddress: localhost:56664}, javascriptEnabled: true, networkConnectionEnabled: false, pageLoadStrategy: normal, platform: WINDOWS, platformName: WINDOWS, proxy: Proxy(), setWindowRect: true, strictFileInteractability: false, timeouts: {implicit: 0, pageLoad: 300000, script: 30000}, unhandledPromptBehavior: dismiss and notify, webauthn:extension:credBlob: true, webauthn:extension:largeBlob: true, webauthn:virtualAuthenticators: true}
Session ID: 29132f5dc61fbf3e3749dab07a89b590
*** Element info: {Using=id, value=userName}">
      <![CDATA[org.openqa.selenium.NoSuchElementException: no such element: Unable to locate element: {"method":"css selector","selector":"#userName"}
  (Session info: chrome=98.0.4758.102)
For documentation on this error, please visit: https://www.seleniumhq.org/exceptions/no_such_element.html
Build info: version: '3.141.59', revision: 'e82be7d358', time: '2018-11-14T08:17:03'
System info: host: 'BMT-LAP-46', ip: '192.168.43.218', os.name: 'Windows 10', os.arch: 'amd64', os.version: '10.0', java.version: '15.0.2'
Driver info: org.openqa.selenium.chrome.ChromeDriver
Capabilities {acceptInsecureCerts: false, browserName: chrome, browserVersion: 98.0.4758.102, chrome: {chromedriverVersion: 97.0.4692.71 (adefa7837d02a..., userDataDir: C:\Users\RAHULG~1\AppData\L...}, goog:chromeOptions: {debuggerAddress: localhost:56664}, javascriptEnabled: true, networkConnectionEnabled: false, pageLoadStrategy: normal, platform: WINDOWS, platformName: WINDOWS, proxy: Proxy(), setWindowRect: true, strictFileInteractability: false, timeouts: {implicit: 0, pageLoad: 300000, script: 30000}, unhandledPromptBehavior: dismiss and notify, webauthn:extension:credBlob: true, webauthn:extension:largeBlob: true, webauthn:virtualAuthenticators: true}
Session ID: 29132f5dc61fbf3e3749dab07a89b590
*** Element info: {Using=id, value=userName}
at org.openqa.selenium.remote.http.W3CHttpResponseCodec.createException(W3CHttpResponseCodec.java:187)
at org.openqa.selenium.remote.http.W3CHttpResponseCodec.decode(W3CHttpResponseCodec.java:122)
at org.openqa.selenium.remote.http.W3CHttpResponseCodec.decode(W3CHttpResponseCodec.java:49)
at org.openqa.selenium.remote.HttpCommandExecutor.execute(HttpCommandExecutor.java:158)
at org.openqa.selenium.remote.service.DriverCommandExecutor.execute(DriverCommandExecutor.java:83)
at org.openqa.selenium.remote.RemoteWebDriver.execute(RemoteWebDriver.java:552)
at org.openqa.selenium.remote.RemoteWebDriver.findElement(RemoteWebDriver.java:323)
at org.openqa.selenium.remote.RemoteWebDriver.findElementById(RemoteWebDriver.java:372)
at org.openqa.selenium.By$ById.findElement(By.java:188)
at org.openqa.selenium.remote.RemoteWebDriver.findElement(RemoteWebDriver.java:315)
at org.openqa.selenium.support.pagefactory.DefaultElementLocator.findElement(DefaultElementLocator.java:69)
at org.openqa.selenium.support.pagefactory.internal.LocatingElementHandler.invoke(LocatingElementHandler.java:38)
at com.sun.proxy.$Proxy11.sendKeys(Unknown Source)
at in.co.pages.MavenIRCTC.IRCTCRegisterBasicDetails.Username(IRCTCRegisterBasicDetails.java:56)
at in.co.scripts.MavenIRCTC.TestRegister.IRCTCRegisterBasicdetails(TestRegister.java:29)
... Removed 30 stack frames]]>
    </failure>
  </testcase> <!-- IRCTCRegisterBasicdetails -->
  <testcase classname="in.co.scripts.MavenIRCTC.TestRegister" name="IRCTCRegisterPersonalDetails" time="20.341">
    <failure type="org.openqa.selenium.NoSuchElementException" message="no such element: Unable to locate element: {&amp;quot;method&amp;quot;:&amp;quot;xpath&amp;quot;,&amp;quot;selector&amp;quot;:&amp;quot;//input[contains(@placeholder,&amp;quot;First Name&amp;quot;)]&amp;quot;}
  (Session info: chrome=98.0.4758.102)
For documentation on this error, please visit: https://www.seleniumhq.org/exceptions/no_such_element.html
Build info: version: &amp;apos;3.141.59&amp;apos;, revision: &amp;apos;e82be7d358&amp;apos;, time: &amp;apos;2018-11-14T08:17:03&amp;apos;
System info: host: &amp;apos;BMT-LAP-46&amp;apos;, ip: &amp;apos;192.168.43.218&amp;apos;, os.name: &amp;apos;Windows 10&amp;apos;, os.arch: &amp;apos;amd64&amp;apos;, os.version: &amp;apos;10.0&amp;apos;, java.version: &amp;apos;15.0.2&amp;apos;
Driver info: org.openqa.selenium.chrome.ChromeDriver
Capabilities {acceptInsecureCerts: false, browserName: chrome, browserVersion: 98.0.4758.102, chrome: {chromedriverVersion: 97.0.4692.71 (adefa7837d02a..., userDataDir: C:\Users\RAHULG~1\AppData\L...}, goog:chromeOptions: {debuggerAddress: localhost:56664}, javascriptEnabled: true, networkConnectionEnabled: false, pageLoadStrategy: normal, platform: WINDOWS, platformName: WINDOWS, proxy: Proxy(), setWindowRect: true, strictFileInteractability: false, timeouts: {implicit: 0, pageLoad: 300000, script: 30000}, unhandledPromptBehavior: dismiss and notify, webauthn:extension:credBlob: true, webauthn:extension:largeBlob: true, webauthn:virtualAuthenticators: true}
Session ID: 29132f5dc61fbf3e3749dab07a89b590
*** Element info: {Using=xpath, value=//input[contains(@placeholder,&amp;quot;First Name&amp;quot;)]}">
      <![CDATA[org.openqa.selenium.NoSuchElementException: no such element: Unable to locate element: {"method":"xpath","selector":"//input[contains(@placeholder,"First Name")]"}
  (Session info: chrome=98.0.4758.102)
For documentation on this error, please visit: https://www.seleniumhq.org/exceptions/no_such_element.html
Build info: version: '3.141.59', revision: 'e82be7d358', time: '2018-11-14T08:17:03'
System info: host: 'BMT-LAP-46', ip: '192.168.43.218', os.name: 'Windows 10', os.arch: 'amd64', os.version: '10.0', java.version: '15.0.2'
Driver info: org.openqa.selenium.chrome.ChromeDriver
Capabilities {acceptInsecureCerts: false, browserName: chrome, browserVersion: 98.0.4758.102, chrome: {chromedriverVersion: 97.0.4692.71 (adefa7837d02a..., userDataDir: C:\Users\RAHULG~1\AppData\L...}, goog:chromeOptions: {debuggerAddress: localhost:56664}, javascriptEnabled: true, networkConnectionEnabled: false, pageLoadStrategy: normal, platform: WINDOWS, platformName: WINDOWS, proxy: Proxy(), setWindowRect: true, strictFileInteractability: false, timeouts: {implicit: 0, pageLoad: 300000, script: 30000}, unhandledPromptBehavior: dismiss and notify, webauthn:extension:credBlob: true, webauthn:extension:largeBlob: true, webauthn:virtualAuthenticators: true}
Session ID: 29132f5dc61fbf3e3749dab07a89b590
*** Element info: {Using=xpath, value=//input[contains(@placeholder,"First Name")]}
at org.openqa.selenium.remote.http.W3CHttpResponseCodec.createException(W3CHttpResponseCodec.java:187)
at org.openqa.selenium.remote.http.W3CHttpResponseCodec.decode(W3CHttpResponseCodec.java:122)
at org.openqa.selenium.remote.http.W3CHttpResponseCodec.decode(W3CHttpResponseCodec.java:49)
at org.openqa.selenium.remote.HttpCommandExecutor.execute(HttpCommandExecutor.java:158)
at org.openqa.selenium.remote.service.DriverCommandExecutor.execute(DriverCommandExecutor.java:83)
at org.openqa.selenium.remote.RemoteWebDriver.execute(RemoteWebDriver.java:552)
at org.openqa.selenium.remote.RemoteWebDriver.findElement(RemoteWebDriver.java:323)
at org.openqa.selenium.remote.RemoteWebDriver.findElementByXPath(RemoteWebDriver.java:428)
at org.openqa.selenium.By$ByXPath.findElement(By.java:353)
at org.openqa.selenium.remote.RemoteWebDriver.findElement(RemoteWebDriver.java:315)
at org.openqa.selenium.support.pagefactory.DefaultElementLocator.findElement(DefaultElementLocator.java:69)
at org.openqa.selenium.support.pagefactory.internal.LocatingElementHandler.invoke(LocatingElementHandler.java:38)
at com.sun.proxy.$Proxy11.sendKeys(Unknown Source)
at in.co.pages.MavenIRCTC.IRCTCRegisterPersonalDetails.Firtname(IRCTCRegisterPersonalDetails.java:82)
at in.co.scripts.MavenIRCTC.TestRegister.IRCTCRegisterPersonalDetails(TestRegister.java:43)
... Removed 30 stack frames]]>
    </failure>
  </testcase> <!-- IRCTCRegisterPersonalDetails -->
  <testcase classname="in.co.scripts.MavenIRCTC.TestRegister" name="IRCTCRegisterAddress" time="2.063">
    <failure type="org.openqa.selenium.InvalidSelectorException" message="invalid selector: Unable to locate an element with the xpath expression //div//input[@placeholder=\&amp;quot;Flat/Door/Block No.\&amp;quot;] because of the following error:
SyntaxError: Failed to execute &amp;apos;evaluate&amp;apos; on &amp;apos;Document&amp;apos;: The string &amp;apos;//div//input[@placeholder=\&amp;quot;Flat/Door/Block No.\&amp;quot;]&amp;apos; is not a valid XPath expression.
  (Session info: chrome=98.0.4758.102)
For documentation on this error, please visit: https://www.seleniumhq.org/exceptions/invalid_selector_exception.html
Build info: version: &amp;apos;3.141.59&amp;apos;, revision: &amp;apos;e82be7d358&amp;apos;, time: &amp;apos;2018-11-14T08:17:03&amp;apos;
System info: host: &amp;apos;BMT-LAP-46&amp;apos;, ip: &amp;apos;192.168.43.218&amp;apos;, os.name: &amp;apos;Windows 10&amp;apos;, os.arch: &amp;apos;amd64&amp;apos;, os.version: &amp;apos;10.0&amp;apos;, java.version: &amp;apos;15.0.2&amp;apos;
Driver info: org.openqa.selenium.chrome.ChromeDriver
Capabilities {acceptInsecureCerts: false, browserName: chrome, browserVersion: 98.0.4758.102, chrome: {chromedriverVersion: 97.0.4692.71 (adefa7837d02a..., userDataDir: C:\Users\RAHULG~1\AppData\L...}, goog:chromeOptions: {debuggerAddress: localhost:56664}, javascriptEnabled: true, networkConnectionEnabled: false, pageLoadStrategy: normal, platform: WINDOWS, platformName: WINDOWS, proxy: Proxy(), setWindowRect: true, strictFileInteractability: false, timeouts: {implicit: 0, pageLoad: 300000, script: 30000}, unhandledPromptBehavior: dismiss and notify, webauthn:extension:credBlob: true, webauthn:extension:largeBlob: true, webauthn:virtualAuthenticators: true}
Session ID: 29132f5dc61fbf3e3749dab07a89b590
*** Element info: {Using=xpath, value=//div//input[@placeholder=\&amp;quot;Flat/Door/Block No.\&amp;quot;]}">
      <![CDATA[org.openqa.selenium.InvalidSelectorException: invalid selector: Unable to locate an element with the xpath expression //div//input[@placeholder=\"Flat/Door/Block No.\"] because of the following error:
SyntaxError: Failed to execute 'evaluate' on 'Document': The string '//div//input[@placeholder=\"Flat/Door/Block No.\"]' is not a valid XPath expression.
  (Session info: chrome=98.0.4758.102)
For documentation on this error, please visit: https://www.seleniumhq.org/exceptions/invalid_selector_exception.html
Build info: version: '3.141.59', revision: 'e82be7d358', time: '2018-11-14T08:17:03'
System info: host: 'BMT-LAP-46', ip: '192.168.43.218', os.name: 'Windows 10', os.arch: 'amd64', os.version: '10.0', java.version: '15.0.2'
Driver info: org.openqa.selenium.chrome.ChromeDriver
Capabilities {acceptInsecureCerts: false, browserName: chrome, browserVersion: 98.0.4758.102, chrome: {chromedriverVersion: 97.0.4692.71 (adefa7837d02a..., userDataDir: C:\Users\RAHULG~1\AppData\L...}, goog:chromeOptions: {debuggerAddress: localhost:56664}, javascriptEnabled: true, networkConnectionEnabled: false, pageLoadStrategy: normal, platform: WINDOWS, platformName: WINDOWS, proxy: Proxy(), setWindowRect: true, strictFileInteractability: false, timeouts: {implicit: 0, pageLoad: 300000, script: 30000}, unhandledPromptBehavior: dismiss and notify, webauthn:extension:credBlob: true, webauthn:extension:largeBlob: true, webauthn:virtualAuthenticators: true}
Session ID: 29132f5dc61fbf3e3749dab07a89b590
*** Element info: {Using=xpath, value=//div//input[@placeholder=\"Flat/Door/Block No.\"]}
at org.openqa.selenium.remote.http.W3CHttpResponseCodec.createException(W3CHttpResponseCodec.java:187)
at org.openqa.selenium.remote.http.W3CHttpResponseCodec.decode(W3CHttpResponseCodec.java:122)
at org.openqa.selenium.remote.http.W3CHttpResponseCodec.decode(W3CHttpResponseCodec.java:49)
at org.openqa.selenium.remote.HttpCommandExecutor.execute(HttpCommandExecutor.java:158)
at org.openqa.selenium.remote.service.DriverCommandExecutor.execute(DriverCommandExecutor.java:83)
at org.openqa.selenium.remote.RemoteWebDriver.execute(RemoteWebDriver.java:552)
at org.openqa.selenium.remote.RemoteWebDriver.findElement(RemoteWebDriver.java:323)
at org.openqa.selenium.remote.RemoteWebDriver.findElementByXPath(RemoteWebDriver.java:428)
at org.openqa.selenium.By$ByXPath.findElement(By.java:353)
at org.openqa.selenium.remote.RemoteWebDriver.findElement(RemoteWebDriver.java:315)
at in.co.pages.MavenIRCTC.IRCTCRegisterAddress.FlatDoorBlockNo(IRCTCRegisterAddress.java:82)
at in.co.scripts.MavenIRCTC.TestRegister.IRCTCRegisterAddress(TestRegister.java:61)
... Removed 30 stack frames]]>
    </failure>
  </testcase> <!-- IRCTCRegisterAddress -->
</testsuite> <!-- Test -->
